[debug] [2018-04-06T22:52:21.447Z] ----------------------------------------------------------------------
[debug] [2018-04-06T22:52:21.449Z] Command:       /usr/local/Cellar/node/9.8.0/bin/node /usr/local/bin/firebase init
[debug] [2018-04-06T22:52:21.449Z] CLI Version:   3.18.2
[debug] [2018-04-06T22:52:21.449Z] Platform:      darwin
[debug] [2018-04-06T22:52:21.449Z] Node Version:  v9.8.0
[debug] [2018-04-06T22:52:21.450Z] Time:          Fri Apr 06 2018 15:52:21 GMT-0700 (PDT)
[debug] [2018-04-06T22:52:21.450Z] ----------------------------------------------------------------------
[debug]
[debug] [2018-04-06T22:52:21.461Z] > command requires scopes: ["email","openid","https://www.googleapis.com/auth/cloudplatformprojects.readonly","https://www.googleapis.com/auth/firebase"]
[debug] [2018-04-06T22:52:21.461Z] > authorizing via signed-in user
[info]
     🔥🔥🔥🔥🔥🔥🔥🔥 🔥🔥🔥🔥 🔥🔥🔥🔥🔥🔥🔥🔥  🔥🔥🔥🔥🔥🔥🔥🔥 🔥🔥🔥🔥🔥🔥🔥🔥     🔥🔥🔥     🔥🔥🔥🔥🔥🔥  🔥🔥🔥🔥🔥🔥🔥🔥
     🔥🔥        🔥🔥  🔥🔥     🔥🔥 🔥🔥       🔥🔥     🔥🔥  🔥🔥   🔥🔥  🔥🔥       🔥🔥
     🔥🔥🔥🔥🔥🔥    🔥🔥  🔥🔥🔥🔥🔥🔥🔥🔥  🔥🔥🔥🔥🔥🔥   🔥🔥🔥🔥🔥🔥🔥🔥  🔥🔥🔥🔥🔥🔥🔥🔥🔥  🔥🔥🔥🔥🔥🔥  🔥🔥🔥🔥🔥🔥
     🔥🔥        🔥🔥  🔥🔥    🔥🔥  🔥🔥       🔥🔥     🔥🔥 🔥🔥     🔥🔥       🔥🔥 🔥🔥
     🔥🔥       🔥🔥🔥🔥 🔥🔥     🔥🔥 🔥🔥🔥🔥🔥🔥🔥🔥 🔥🔥🔥🔥🔥🔥🔥🔥  🔥🔥     🔥🔥  🔥🔥🔥🔥🔥🔥  🔥🔥🔥🔥🔥🔥🔥🔥

You're about to initialize a Firebase project in this directory:

  /Users/emilydolliver/Desktop/javascript/ba

[info]
=== Project Setup
[info]
[info] First, let's associate this project directory with a Firebase project.
[info] You can create multiple project aliases by running firebase use --add,
[info] but for now we'll just set up a default project.
[info]
[debug] [2018-04-06T22:53:13.465Z] > refreshing access token with scopes: ["email","https://www.googleapis.com/auth/cloudplatformprojects.readonly","https://www.googleapis.com/auth/firebase","openid"]
[debug] [2018-04-06T22:53:13.465Z] >>> HTTP REQUEST POST https://www.googleapis.com/oauth2/v3/token
 { refresh_token: '1/l4gmiak53iWdFEiO1rd0C6YL-oIVE0JKRMzsuXUKpqI',
  client_id: '563584335869-fgrhgmd47bqnekij5i8b5pr03ho849e6.apps.googleusercontent.com',
  client_secret: 'j9iVZfS8kkCEFUPaAeJV0sAi',
  grant_type: 'refresh_token',
  scope: 'email https://www.googleapis.com/auth/cloudplatformprojects.readonly https://www.googleapis.com/auth/firebase openid' }
 Fri Apr 06 2018 15:53:13 GMT-0700 (PDT)
[debug] [2018-04-06T22:53:14.024Z] <<< HTTP RESPONSE 200
[debug] [2018-04-06T22:53:14.038Z] >>> HTTP REQUEST GET https://admin.firebase.com/v1/projects

 Fri Apr 06 2018 15:53:14 GMT-0700 (PDT)
[debug] [2018-04-06T22:53:15.507Z] <<< HTTP RESPONSE 200
[info]
=== Database Setup
[info]
[info] Firebase Realtime Database Rules allow you to define how your data should be
[info] structured and when your data can be read from and written to.
[info]
[info] Skipping overwrite of Database Rules.
[info] The rules defined in database.rules.json will be published when you do firebase deploy.
[info]
=== Hosting Setup
[info]
[info] Your public directory is the folder (relative to your project directory) that
[info] will contain Hosting assets to be uploaded with firebase deploy. If you
[info] have a build process for your assets, use your build's output directory.
[info]
